0 info it worked if it ends with ok
1 verbose cli [ 'C:\\Program Files\\nodejs\\node.exe',
1 verbose cli   'C:\\Users\\Jonathan\\AppData\\Roaming\\npm\\node_modules\\npm\\bin\\npm-cli.js',
1 verbose cli   'run-script',
1 verbose cli   'testWP' ]
2 info using npm@4.0.2
3 info using node@v6.9.4
4 verbose run-script [ 'pretestWP', 'testWP', 'posttestWP' ]
5 info lifecycle cms_react@1.0.0~pretestWP: cms_react@1.0.0
6 silly lifecycle cms_react@1.0.0~pretestWP: no script for pretestWP, continuing
7 info lifecycle cms_react@1.0.0~testWP: cms_react@1.0.0
8 verbose lifecycle cms_react@1.0.0~testWP: unsafe-perm in lifecycle true
9 verbose lifecycle cms_react@1.0.0~testWP: PATH: C:\Users\Jonathan\AppData\Roaming\npm\node_modules\npm\bin\node-gyp-bin;c:\Users\Jonathan\Dropbox\WebDesign\cms_react\node_modules\.bin;C:\ProgramData\Oracle\Java\javapath;C:\Program Files (x86)\NVIDIA Corporation\PhysX\Common;C:\Program Files\Common Files\Microsoft Shared\Windows Live;C:\Program Files (x86)\Common Files\Microsoft Shared\Windows Live;C:\Windows\system32;C:\Windows;C:\Windows\System32\Wbem;C:\Windows\System32\WindowsPowerShell\v1.0\;C:\Program Files\MATLAB\R2014a\runtime\win64;C:\Program Files\MATLAB\R2014a\bin;C:\Program Files\MATLAB\R2014a\polyspace\bin;C:\Python27;C:\Python27\PhythonBookProjects\SymbolicMath;C:\Program Files (x86)\Windows Live\Shared;C:\Program Files (x86)\MiKTeX 2.9\miktex\bin\;C:\Program Files (x86)\Microsoft SQL Server\110\Tools\Binn\;C:\Program Files\Microsoft SQL Server\110\Tools\Binn\;C:\Program Files\Microsoft SQL Server\110\DTS\Binn\;C:\Program Files (x86)\QuickTime\QTSystem\;C:\Program Files\Microsoft Windows Performance Toolkit\;C:\Program Files (x86)\Skype\Phone\;C:\HashiCorp\Vagrant\bin;C:\Program Files (x86)\Brackets\command;C:\Program Files (x86)\Heroku\bin;C:\Program Files (x86)\git\cmd;C:\Program Files\Git\cmd;C:\Program Files (x86)\Git\cmd;C:\Program Files (x86)\PuTTY\;C:\Program Files\Intel\WiFi\bin\;C:\Program Files\Common Files\Intel\WirelessCommon\;C:\Program Files\010 Editor;;C:\Windows\System32\WindowsPowerShell\v1.0\;C:\Program Files\nodejs\;C:\Program Files\Amazon\AWSCLI\;C:\Program Files (x86)\Windows Kits\8.1\Windows Performance Toolkit\;C:\Users\Jonathan\scoop\shims;C:\Users\Jonathan\Anaconda;C:\Users\Jonathan\Anaconda\Scripts;C:\Program Files\Docker Toolbox;C:\Users\Jonathan\AppData\Local\atom\bin;C:\ProgramData\chocolatey\bin;C:\Users\Jonathan\AppData\Local\Android\sdk\tools;C:\Users\Jonathan\AppData\Local\Android\sdk\platform-tools;C:\Program Files\Intel\WiFi\bin\;C:\Program Files\Common Files\Intel\WirelessCommon\;C:\Program Files (x86)\Microsoft VS Code\bin;C:\Users\Jonathan\AppData\Roaming\npm;C:\Users\Jonathan\Dropbox\WebDesign\apex;C:\Program Files\MongoDB\Server\3.2\bin
10 verbose lifecycle cms_react@1.0.0~testWP: CWD: c:\Users\Jonathan\Dropbox\WebDesign\cms_react
11 silly lifecycle cms_react@1.0.0~testWP: Args: [ '/d /s /c',
11 silly lifecycle   'node --nolazy --debug-brk=5858 ./node_modules/webpack/bin/webpack' ]
12 silly lifecycle cms_react@1.0.0~testWP: Returned: code: 1  signal: null
13 info lifecycle cms_react@1.0.0~testWP: Failed to exec testWP script
14 verbose stack Error: cms_react@1.0.0 testWP: `node --nolazy --debug-brk=5858 ./node_modules/webpack/bin/webpack`
14 verbose stack Exit status 1
14 verbose stack     at EventEmitter.<anonymous> (C:\Users\Jonathan\AppData\Roaming\npm\node_modules\npm\lib\utils\lifecycle.js:279:16)
14 verbose stack     at emitTwo (events.js:106:13)
14 verbose stack     at EventEmitter.emit (events.js:191:7)
14 verbose stack     at ChildProcess.<anonymous> (C:\Users\Jonathan\AppData\Roaming\npm\node_modules\npm\lib\utils\spawn.js:40:14)
14 verbose stack     at emitTwo (events.js:106:13)
14 verbose stack     at ChildProcess.emit (events.js:191:7)
14 verbose stack     at maybeClose (internal/child_process.js:877:16)
14 verbose stack     at Process.ChildProcess._handle.onexit (internal/child_process.js:226:5)
15 verbose pkgid cms_react@1.0.0
16 verbose cwd c:\Users\Jonathan\Dropbox\WebDesign\cms_react
17 error Windows_NT 6.1.7601
18 error argv "C:\\Program Files\\nodejs\\node.exe" "C:\\Users\\Jonathan\\AppData\\Roaming\\npm\\node_modules\\npm\\bin\\npm-cli.js" "run-script" "testWP"
19 error node v6.9.4
20 error npm  v4.0.2
21 error code ELIFECYCLE
22 error cms_react@1.0.0 testWP: `node --nolazy --debug-brk=5858 ./node_modules/webpack/bin/webpack`
22 error Exit status 1
23 error Failed at the cms_react@1.0.0 testWP script 'node --nolazy --debug-brk=5858 ./node_modules/webpack/bin/webpack'.
23 error Make sure you have the latest version of node.js and npm installed.
23 error If you do, this is most likely a problem with the cms_react package,
23 error not with npm itself.
23 error Tell the author that this fails on your system:
23 error     node --nolazy --debug-brk=5858 ./node_modules/webpack/bin/webpack
23 error You can get information on how to open an issue for this project with:
23 error     npm bugs cms_react
23 error Or if that isn't available, you can get their info via:
23 error     npm owner ls cms_react
23 error There is likely additional logging output above.
24 verbose exit [ 1, true ]
